<?xml version="1.0" encoding="UTF-8"?>
<!-- Generated by org.testng.reporters.JUnitReportReporter -->
<testsuite skipped="0" hostname="DESKTOP-RTOOT5Q" name="xpaths.Flipkart" tests="1" failures="0" timestamp="2020-06-11T12:22:21 IST" time="13.369" errors="0">
  <testcase name="login" time="13.369" classname="xpaths.Flipkart"/>
</testsuite> <!-- xpaths.Flipkart -->
