<?xml version="1.0" encoding="UTF-8"?>
<!-- Generated by org.testng.reporters.JUnitReportReporter -->
<testsuite skipped="0" hostname="DESKTOP-RTOOT5Q" name="optionsandprofiling.IEOptionsExample" tests="1" failures="0" timestamp="2020-06-10T17:42:03 IST" time="6.988" errors="0">
  <testcase name="ie" time="6.988" classname="optionsandprofiling.IEOptionsExample"/>
</testsuite> <!-- optionsandprofiling.IEOptionsExample -->
