<?xml version="1.0" encoding="UTF-8"?>
<!-- Generated by org.testng.reporters.JUnitReportReporter -->
<testsuite skipped="0" hostname="DESKTOP-RTOOT5Q" name="cssselectors.UnderstadingClassName" tests="1" failures="0" timestamp="2020-06-11T14:44:56 IST" time="13.431" errors="0">
  <testcase name="testApp" time="13.431" classname="cssselectors.UnderstadingClassName"/>
</testsuite> <!-- cssselectors.UnderstadingClassName -->
