<?xml version="1.0" encoding="UTF-8"?>
<!-- Generated by org.testng.reporters.JUnitReportReporter -->
<testsuite skipped="0" hostname="DESKTOP-RTOOT5Q" name="singlescript.DynamicBrowsers" tests="1" failures="0" timestamp="2020-06-10T20:32:15 IST" time="14.243" errors="0">
  <testcase name="launch" time="14.243" classname="singlescript.DynamicBrowsers"/>
</testsuite> <!-- singlescript.DynamicBrowsers -->
