<?xml version="1.0" encoding="UTF-8"?>
<!-- Generated by org.testng.reporters.JUnitReportReporter -->
<testsuite skipped="0" hostname="DESKTOP-RTOOT5Q" name="xpaths.LinkedIn" tests="1" failures="0" timestamp="2020-06-11T12:02:30 IST" time="23.160" errors="0">
  <testcase name="linkedIn" time="23.160" classname="xpaths.LinkedIn"/>
</testsuite> <!-- xpaths.LinkedIn -->
