<?xml version="1.0" encoding="UTF-8"?>
<!-- Generated by org.testng.reporters.JUnitReportReporter -->
<testsuite skipped="0" hostname="DESKTOP-RTOOT5Q" name="multipleobjectextraction.Flipkart" tests="1" failures="0" timestamp="2020-06-11T07:45:51 IST" time="25.964" errors="0">
  <testcase name="printNames" time="25.964" classname="multipleobjectextraction.Flipkart"/>
</testsuite> <!-- multipleobjectextraction.Flipkart -->
