<?xml version="1.0" encoding="UTF-8"?>
<!-- Generated by org.testng.reporters.JUnitReportReporter -->
<testsuite skipped="0" hostname="DESKTOP-RTOOT5Q" name="optionsandprofiling.ChromeProfilingAndOptions" tests="1" failures="0" timestamp="2020-06-10T17:27:38 IST" time="10.237" errors="0">
  <testcase name="chrome" time="10.237" classname="optionsandprofiling.ChromeProfilingAndOptions"/>
</testsuite> <!-- optionsandprofiling.ChromeProfilingAndOptions -->
