<?xml version="1.0" encoding="UTF-8"?>
<!-- Generated by org.testng.reporters.JUnitReportReporter -->
<testsuite skipped="0" hostname="DESKTOP-RTOOT5Q" name="cssselectors.LinkedIn" tests="1" failures="0" timestamp="2020-06-11T14:37:54 IST" time="11.271" errors="0">
  <testcase name="linkedIn" time="11.271" classname="cssselectors.LinkedIn"/>
</testsuite> <!-- cssselectors.LinkedIn -->
