<?xml version="1.0" encoding="UTF-8"?>
<!-- Generated by org.testng.reporters.JUnitReportReporter -->
<testsuite skipped="0" hostname="DESKTOP-RTOOT5Q" name="login.LoginTest" tests="1" failures="0" timestamp="2020-06-11T09:37:30 IST" time="11.268" errors="0">
  <testcase name="login" time="11.268" classname="login.LoginTest"/>
</testsuite> <!-- login.LoginTest -->
