<?xml version="1.0" encoding="UTF-8"?>
<!-- Generated by org.testng.reporters.JUnitReportReporter -->
<testsuite skipped="0" hostname="DESKTOP-RTOOT5Q" name="identifyingelements.LinkedIn" tests="1" failures="0" timestamp="2020-06-11T10:56:11 IST" time="20.690" errors="0">
  <testcase name="linkedIn" time="20.690" classname="identifyingelements.LinkedIn"/>
</testsuite> <!-- identifyingelements.LinkedIn -->
